#
# There is insufficient memory for the Java Runtime Environment to continue.
# Native memory allocation (malloc) failed to allocate 1102656 bytes for Chunk::new
# Possible reasons:
#   The system is out of physical RAM or swap space
#   The process is running with CompressedOops enabled, and the Java Heap may be blocking the growth of the native heap
# Possible solutions:
#   Reduce memory load on the system
#   Increase physical memory or swap space
#   Check if swap backing store is full
#   Decrease Java heap size (-Xmx/-Xms)
#   Decrease number of Java threads
#   Decrease Java thread stack sizes (-Xss)
#   Set larger code cache with -XX:ReservedCodeCacheSize=
#   JVM is running with Unscaled Compressed Oops mode in which the Java heap is
#     placed in the first 4GB address space. The Java Heap base address is the
#     maximum limit for the native heap growth. Please use -XX:HeapBaseMinAddress
#     to set the Java Heap base and to place the Java Heap above 4GB virtual address.
# This output file may be truncated or incomplete.
#
#  Out of Memory Error (arena.cpp:195), pid=1960, tid=13428
#
# JRE version: OpenJDK Runtime Environment (16.0.1+9) (build 16.0.1+9-24)
# Java VM: OpenJDK 64-Bit Server VM (16.0.1+9-24, mixed mode, tiered, compressed oops, compressed class ptrs, g1 gc, windows-amd64)
# No core dump will be written. Minidumps are not enabled by default on client versions of Windows
#

---------------  S U M M A R Y ------------

Command Line: -Dfile.encoding=UTF-8 -XX:+ShowCodeDetailsInExceptionMessages com.example.accessingdata.AccessingDataApplication

Host: Intel(R) Core(TM) i3-5005U CPU @ 2.00GHz, 4 cores, 3G,  Windows 10 , 64 bit Build 17763 (10.0.17763.1131)
Time: Sat Feb 19 21:17:04 2022 Central Europe Standard Time elapsed time: 44.509146 seconds (0d 0h 0m 44s)

---------------  T H R E A D  ---------------

Current thread (0x000001ffdc501290):  JavaThread "C2 CompilerThread0" daemon [_thread_in_native, id=13428, stack(0x000000b5e0100000,0x000000b5e0200000)]


Current CompileTask:
C2:  44509 5047   !   4       org.springframework.core.annotation.AnnotationsScanner::processMethodHierarchy (276 bytes)

Stack: [0x000000b5e0100000,0x000000b5e0200000]
Native frames: (J=compiled Java code, j=interpreted, Vv=VM code, C=native code)
V  [jvm.dll+0x6687ca]
V  [jvm.dll+0x7ca3c9]
V  [jvm.dll+0x7cbb53]
V  [jvm.dll+0x7cc1b3]
V  [jvm.dll+0x242ea5]
V  [jvm.dll+0xadeca]
V  [jvm.dll+0xae5ac]
V  [jvm.dll+0x2a52cf]
V  [jvm.dll+0x574359]
V  [jvm.dll+0x21e6de]
V  [jvm.dll+0x217aec]
V  [jvm.dll+0x21524c]
V  [jvm.dll+0x1a1d9b]
V  [jvm.dll+0x2253a8]
V  [jvm.dll+0x2233ec]
V  [jvm.dll+0x780002]
V  [jvm.dll+0x779b4a]
V  [jvm.dll+0x667666]
C  [ucrtbase.dll+0x21ffa]
C  [KERNEL32.DLL+0x17974]
C  [ntdll.dll+0x6a261]


---------------  P R O C E S S  ---------------

Threads class SMR info:
_java_thread_list=0x000001ffe2bea000, length=20, elements={
0x000001ffc555d9e0, 0x000001ffdc4c7010, 0x000001ffdc4c8060, 0x000001ffdc4ce6d0,
0x000001ffdc4fe420, 0x000001ffdc4ffd40, 0x000001ffdc500650, 0x000001ffdc501290,
0x000001ffdd02fb90, 0x000001ffdd036ce0, 0x000001ffdd142a60, 0x000001ffdd156fd0,
0x000001ffde4090a0, 0x000001ffde4095c0, 0x000001ffdf28c6f0, 0x000001ffde89d630,
0x000001ffde7d3f20, 0x000001ffde7d4470, 0x000001ffde7d5460, 0x000001ffde7d4f10
}

Java Threads: ( => current thread )
  0x000001ffc555d9e0 JavaThread "main" [_thread_blocked, id=11996, stack(0x000000b5df400000,0x000000b5df500000)]
  0x000001ffdc4c7010 JavaThread "Reference Handler" daemon [_thread_blocked, id=2792, stack(0x000000b5dfb00000,0x000000b5dfc00000)]
  0x000001ffdc4c8060 JavaThread "Finalizer" daemon [_thread_blocked, id=8656, stack(0x000000b5dfc00000,0x000000b5dfd00000)]
  0x000001ffdc4ce6d0 JavaThread "Signal Dispatcher" daemon [_thread_blocked, id=5204, stack(0x000000b5dfd00000,0x000000b5dfe00000)]
  0x000001ffdc4fe420 JavaThread "Attach Listener" daemon [_thread_blocked, id=3276, stack(0x000000b5dfe00000,0x000000b5dff00000)]
  0x000001ffdc4ffd40 JavaThread "Service Thread" daemon [_thread_blocked, id=12588, stack(0x000000b5dff00000,0x000000b5e0000000)]
  0x000001ffdc500650 JavaThread "Monitor Deflation Thread" daemon [_thread_blocked, id=14080, stack(0x000000b5e0000000,0x000000b5e0100000)]
=>0x000001ffdc501290 JavaThread "C2 CompilerThread0" daemon [_thread_in_native, id=13428, stack(0x000000b5e0100000,0x000000b5e0200000)]
  0x000001ffdd02fb90 JavaThread "C1 CompilerThread0" daemon [_thread_blocked, id=2404, stack(0x000000b5e0200000,0x000000b5e0300000)]
  0x000001ffdd036ce0 JavaThread "Sweeper thread" daemon [_thread_blocked, id=6736, stack(0x000000b5e0300000,0x000000b5e0400000)]
  0x000001ffdd142a60 JavaThread "Notification Thread" daemon [_thread_blocked, id=4540, stack(0x000000b5e0400000,0x000000b5e0500000)]
  0x000001ffdd156fd0 JavaThread "Common-Cleaner" daemon [_thread_blocked, id=11924, stack(0x000000b5e0600000,0x000000b5e0700000)]
  0x000001ffde4090a0 JavaThread "Thread-0" [_thread_blocked, id=9088, stack(0x000000b5e0b00000,0x000000b5e0c00000)]
  0x000001ffde4095c0 JavaThread "restartedMain" [_thread_in_vm, id=13660, stack(0x000000b5e0c00000,0x000000b5e0d00000)]
  0x000001ffdf28c6f0 JavaThread "Catalina-utility-1" [_thread_blocked, id=12504, stack(0x000000b5e0d00000,0x000000b5e0e00000)]
  0x000001ffde89d630 JavaThread "Catalina-utility-2" [_thread_blocked, id=11776, stack(0x000000b5e0e00000,0x000000b5e0f00000)]
  0x000001ffde7d3f20 JavaThread "container-0" [_thread_blocked, id=9608, stack(0x000000b5e0f00000,0x000000b5e1000000)]
  0x000001ffde7d4470 JavaThread "cluster-ClusterId{value='621150408cda994d281a4225', description='null'}-localhost:27017" daemon [_thread_in_native, id=8836, stack(0x000000b5e1300000,0x000000b5e1400000)]
  0x000001ffde7d5460 JavaThread "cluster-rtt-ClusterId{value='621150408cda994d281a4225', description='null'}-localhost:27017" daemon [_thread_blocked, id=9164, stack(0x000000b5e1400000,0x000000b5e1500000)]
  0x000001ffde7d4f10 JavaThread "MaintenanceTimer-1-thread-1" daemon [_thread_blocked, id=6220, stack(0x000000b5e1500000,0x000000b5e1600000)]

Other Threads:
  0x000001ffdc4b2820 VMThread "VM Thread" [stack: 0x000000b5dfa00000,0x000000b5dfb00000] [id=8396]
  0x000001ffdd142f80 WatcherThread [stack: 0x000000b5e0500000,0x000000b5e0600000] [id=5472]
  0x000001ffc558b530 GCTaskThread "GC Thread#0" [stack: 0x000000b5df500000,0x000000b5df600000] [id=13176]
  0x000001ffdd782c90 GCTaskThread "GC Thread#1" [stack: 0x000000b5e0700000,0x000000b5e0800000] [id=7640]
  0x000001ffdd8988a0 GCTaskThread "GC Thread#2" [stack: 0x000000b5e0800000,0x000000b5e0900000] [id=7524]
  0x000001ffdd2cedf0 GCTaskThread "GC Thread#3" [stack: 0x000000b5e0900000,0x000000b5e0a00000] [id=9480]
  0x000001ffc5595310 ConcurrentGCThread "G1 Main Marker" [stack: 0x000000b5df600000,0x000000b5df700000] [id=1744]
  0x000001ffc5595d10 ConcurrentGCThread "G1 Conc#0" [stack: 0x000000b5df700000,0x000000b5df800000] [id=5960]
  0x000001ffc55e24e0 ConcurrentGCThread "G1 Refine#0" [stack: 0x000000b5df800000,0x000000b5df900000] [id=13524]
  0x000001ffdd888b00 ConcurrentGCThread "G1 Refine#1" [stack: 0x000000b5e0a00000,0x000000b5e0b00000] [id=10204]
  0x000001ffc55e3ab0 ConcurrentGCThread "G1 Service" [stack: 0x000000b5df900000,0x000000b5dfa00000] [id=3984]

Threads with active compile tasks:
C2 CompilerThread0    44632 5047   !   4       org.springframework.core.annotation.AnnotationsScanner::processMethodHierarchy (276 bytes)

VM state: not at safepoint (normal execution)

VM Mutex/Monitor currently owned by a thread:  ([mutex/lock_event])
[0x000001ffc5558f70] MetaspaceExpand_lock - owner thread: 0x000001ffde4095c0

Heap address: 0x00000000c1400000, size: 1004 MB, Compressed Oops mode: 32-bit

CDS disabled.
Compressed class space mapped at: 0x0000000100000000-0x0000000140000000, reserved size: 1073741824
Narrow klass base: 0x0000000000000000, Narrow klass shift: 3, Narrow klass range: 0x140000000

GC Precious Log:
 CPUs: 4 total, 4 available
 Memory: 4015M
 Large Page Support: Disabled
 NUMA Support: Disabled
 Compressed Oops: Enabled (32-bit)
 Heap Region Size: 1M
 Heap Min Capacity: 8M
 Heap Initial Capacity: 64M
 Heap Max Capacity: 1004M
 Pre-touch: Disabled
 Parallel Workers: 4
 Concurrent Workers: 1
 Concurrent Refinement Workers: 4
 Periodic GC: Disabled

Heap:
 garbage-first heap   total 92160K, used 47578K [0x00000000c1400000, 0x0000000100000000)
  region size 1024K, 31 young (31744K), 7 survivors (7168K)
 Metaspace       used 63182K, committed 63488K, reserved 1105920K
  class space    used 8048K, committed 8192K, reserved 1048576K

Heap Regions: E=young(eden), S=young(survivor), O=old, HS=humongous(starts), HC=humongous(continues), CS=collection set, F=free, OA=open archive, CA=closed archive, TAMS=top-at-mark-start (previous, next)
|   0|0x00000000c1400000, 0x00000000c1500000, 0x00000000c1500000|100%|HS|  |TAMS 0x00000000c1500000, 0x00000000c1400000| Complete 
|   1|0x00000000c1500000, 0x00000000c1600000, 0x00000000c1600000|100%| O|  |TAMS 0x00000000c1600000, 0x00000000c1500000| Untracked 
|   2|0x00000000c1600000, 0x00000000c1700000, 0x00000000c1700000|100%| O|  |TAMS 0x00000000c1700000, 0x00000000c1600000| Untracked 
|   3|0x00000000c1700000, 0x00000000c1800000, 0x00000000c1800000|100%| O|  |TAMS 0x00000000c1800000, 0x00000000c1700000| Untracked 
|   4|0x00000000c1800000, 0x00000000c1900000, 0x00000000c1900000|100%| O|  |TAMS 0x00000000c1900000, 0x00000000c1800000| Untracked 
|   5|0x00000000c1900000, 0x00000000c1a00000, 0x00000000c1a00000|100%| O|  |TAMS 0x00000000c1a00000, 0x00000000c1900000| Untracked 
|   6|0x00000000c1a00000, 0x00000000c1b00000, 0x00000000c1b00000|100%| O|  |TAMS 0x00000000c1b00000, 0x00000000c1a00000| Untracked 
|   7|0x00000000c1b00000, 0x00000000c1b26c00, 0x00000000c1c00000| 15%| O|  |TAMS 0x00000000c1b26c00, 0x00000000c1b00000| Untracked 
|   8|0x00000000c1c00000, 0x00000000c1d00000, 0x00000000c1d00000|100%| O|  |TAMS 0x00000000c1d00000, 0x00000000c1c00000| Untracked 
|   9|0x00000000c1d00000, 0x00000000c1e00000, 0x00000000c1e00000|100%| O|  |TAMS 0x00000000c1e00000, 0x00000000c1d00000| Untracked 
|  10|0x00000000c1e00000, 0x00000000c1f00000, 0x00000000c1f00000|100%| O|  |TAMS 0x00000000c1f00000, 0x00000000c1e00000| Untracked 
|  11|0x00000000c1f00000, 0x00000000c2000000, 0x00000000c2000000|100%| O|  |TAMS 0x00000000c2000000, 0x00000000c1f00000| Untracked 
|  12|0x00000000c2000000, 0x00000000c2100000, 0x00000000c2100000|100%| O|  |TAMS 0x00000000c2100000, 0x00000000c2000000| Untracked 
|  13|0x00000000c2100000, 0x00000000c2200000, 0x00000000c2200000|100%| O|  |TAMS 0x00000000c2200000, 0x00000000c2100000| Untracked 
|  14|0x00000000c2200000, 0x00000000c2300000, 0x00000000c2300000|100%| O|  |TAMS 0x00000000c2300000, 0x00000000c2200000| Untracked 
|  15|0x00000000c2300000, 0x00000000c2400000, 0x00000000c2400000|100%| O|  |TAMS 0x00000000c2400000, 0x00000000c2300000| Untracked 
|  16|0x00000000c2400000, 0x00000000c2500000, 0x00000000c2500000|100%| O|  |TAMS 0x00000000c2500000, 0x00000000c2400000| Untracked 
|  17|0x00000000c2500000, 0x00000000c25d4800, 0x00000000c2600000| 83%| O|  |TAMS 0x00000000c2516000, 0x00000000c2500000| Untracked 
|  18|0x00000000c2600000, 0x00000000c2600000, 0x00000000c2700000|  0%| F|  |TAMS 0x00000000c2600000, 0x00000000c2600000| Untracked 
|  19|0x00000000c2700000, 0x00000000c2700000, 0x00000000c2800000|  0%| F|  |TAMS 0x00000000c2700000, 0x00000000c2700000| Untracked 
|  20|0x00000000c2800000, 0x00000000c2800000, 0x00000000c2900000|  0%| F|  |TAMS 0x00000000c2800000, 0x00000000c2800000| Untracked 
|  21|0x00000000c2900000, 0x00000000c2900000, 0x00000000c2a00000|  0%| F|  |TAMS 0x00000000c2900000, 0x00000000c2900000| Untracked 
|  22|0x00000000c2a00000, 0x00000000c2a00000, 0x00000000c2b00000|  0%| F|  |TAMS 0x00000000c2a00000, 0x00000000c2a00000| Untracked 
|  23|0x00000000c2b00000, 0x00000000c2b00000, 0x00000000c2c00000|  0%| F|  |TAMS 0x00000000c2b00000, 0x00000000c2b00000| Untracked 
|  24|0x00000000c2c00000, 0x00000000c2c00000, 0x00000000c2d00000|  0%| F|  |TAMS 0x00000000c2c00000, 0x00000000c2c00000| Untracked 
|  25|0x00000000c2d00000, 0x00000000c2d00000, 0x00000000c2e00000|  0%| F|  |TAMS 0x00000000c2d00000, 0x00000000c2d00000| Untracked 
|  26|0x00000000c2e00000, 0x00000000c2e00000, 0x00000000c2f00000|  0%| F|  |TAMS 0x00000000c2e00000, 0x00000000c2e00000| Untracked 
|  27|0x00000000c2f00000, 0x00000000c2f00000, 0x00000000c3000000|  0%| F|  |TAMS 0x00000000c2f00000, 0x00000000c2f00000| Untracked 
|  28|0x00000000c3000000, 0x00000000c3000000, 0x00000000c3100000|  0%| F|  |TAMS 0x00000000c3000000, 0x00000000c3000000| Untracked 
|  29|0x00000000c3100000, 0x00000000c3100000, 0x00000000c3200000|  0%| F|  |TAMS 0x00000000c3100000, 0x00000000c3100000| Untracked 
|  30|0x00000000c3200000, 0x00000000c3200000, 0x00000000c3300000|  0%| F|  |TAMS 0x00000000c3200000, 0x00000000c3200000| Untracked 
|  31|0x00000000c3300000, 0x00000000c3300000, 0x00000000c3400000|  0%| F|  |TAMS 0x00000000c3300000, 0x00000000c3300000| Untracked 
|  32|0x00000000c3400000, 0x00000000c3400000, 0x00000000c3500000|  0%| F|  |TAMS 0x00000000c3400000, 0x00000000c3400000| Untracked 
|  33|0x00000000c3500000, 0x00000000c3500000, 0x00000000c3600000|  0%| F|  |TAMS 0x00000000c3500000, 0x00000000c3500000| Untracked 
|  34|0x00000000c3600000, 0x00000000c3600000, 0x00000000c3700000|  0%| F|  |TAMS 0x00000000c3600000, 0x00000000c3600000| Untracked 
|  35|0x00000000c3700000, 0x00000000c3700000, 0x00000000c3800000|  0%| F|  |TAMS 0x00000000c3700000, 0x00000000c3700000| Untracked 
|  36|0x00000000c3800000, 0x00000000c3800000, 0x00000000c3900000|  0%| F|  |TAMS 0x00000000c3800000, 0x00000000c3800000| Untracked 
|  37|0x00000000c3900000, 0x00000000c3900000, 0x00000000c3a00000|  0%| F|  |TAMS 0x00000000c3900000, 0x00000000c3900000| Untracked 
|  38|0x00000000c3a00000, 0x00000000c3a00000, 0x00000000c3b00000|  0%| F|  |TAMS 0x00000000c3a00000, 0x00000000c3a00000| Untracked 
|  39|0x00000000c3b00000, 0x00000000c3b00000, 0x00000000c3c00000|  0%| F|  |TAMS 0x00000000c3b00000, 0x00000000c3b00000| Untracked 
|  40|0x00000000c3c00000, 0x00000000c3c00000, 0x00000000c3d00000|  0%| F|  |TAMS 0x00000000c3c00000, 0x00000000c3c00000| Untracked 
|  41|0x00000000c3d00000, 0x00000000c3d00000, 0x00000000c3e00000|  0%| F|  |TAMS 0x00000000c3d00000, 0x00000000c3d00000| Untracked 
|  42|0x00000000c3e00000, 0x00000000c3e00000, 0x00000000c3f00000|  0%| F|  |TAMS 0x00000000c3e00000, 0x00000000c3e00000| Untracked 
|  43|0x00000000c3f00000, 0x00000000c3f00000, 0x00000000c4000000|  0%| F|  |TAMS 0x00000000c3f00000, 0x00000000c3f00000| Untracked 
|  44|0x00000000c4000000, 0x00000000c4000000, 0x00000000c4100000|  0%| F|  |TAMS 0x00000000c4000000, 0x00000000c4000000| Untracked 
|  45|0x00000000c4100000, 0x00000000c4100000, 0x00000000c4200000|  0%| F|  |TAMS 0x00000000c4100000, 0x00000000c4100000| Untracked 
|  46|0x00000000c4200000, 0x00000000c4200000, 0x00000000c4300000|  0%| F|  |TAMS 0x00000000c4200000, 0x00000000c4200000| Untracked 
|  47|0x00000000c4300000, 0x00000000c4300000, 0x00000000c4400000|  0%| F|  |TAMS 0x00000000c4300000, 0x00000000c4300000| Untracked 
|  48|0x00000000c4400000, 0x00000000c447b798, 0x00000000c4500000| 48%| S|CS|TAMS 0x00000000c4400000, 0x00000000c4400000| Complete 
|  49|0x00000000c4500000, 0x00000000c4600000, 0x00000000c4600000|100%| S|CS|TAMS 0x00000000c4500000, 0x00000000c4500000| Complete 
|  50|0x00000000c4600000, 0x00000000c4700000, 0x00000000c4700000|100%| S|CS|TAMS 0x00000000c4600000, 0x00000000c4600000| Complete 
|  51|0x00000000c4700000, 0x00000000c4800000, 0x00000000c4800000|100%| S|CS|TAMS 0x00000000c4700000, 0x00000000c4700000| Complete 
|  52|0x00000000c4800000, 0x00000000c4900000, 0x00000000c4900000|100%| S|CS|TAMS 0x00000000c4800000, 0x00000000c4800000| Complete 
|  53|0x00000000c4900000, 0x00000000c4a00000, 0x00000000c4a00000|100%| S|CS|TAMS 0x00000000c4900000, 0x00000000c4900000| Complete 
|  54|0x00000000c4a00000, 0x00000000c4b00000, 0x00000000c4b00000|100%| S|CS|TAMS 0x00000000c4a00000, 0x00000000c4a00000| Complete 
|  55|0x00000000c4b00000, 0x00000000c4b00000, 0x00000000c4c00000|  0%| F|  |TAMS 0x00000000c4b00000, 0x00000000c4b00000| Untracked 
|  56|0x00000000c4c00000, 0x00000000c4c00000, 0x00000000c4d00000|  0%| F|  |TAMS 0x00000000c4c00000, 0x00000000c4c00000| Untracked 
|  57|0x00000000c4d00000, 0x00000000c4d00000, 0x00000000c4e00000|  0%| F|  |TAMS 0x00000000c4d00000, 0x00000000c4d00000| Untracked 
|  58|0x00000000c4e00000, 0x00000000c4e00000, 0x00000000c4f00000|  0%| F|  |TAMS 0x00000000c4e00000, 0x00000000c4e00000| Untracked 
|  59|0x00000000c4f00000, 0x00000000c4f00000, 0x00000000c5000000|  0%| F|  |TAMS 0x00000000c4f00000, 0x00000000c4f00000| Untracked 
|  60|0x00000000c5000000, 0x00000000c5000000, 0x00000000c5100000|  0%| F|  |TAMS 0x00000000c5000000, 0x00000000c5000000| Untracked 
|  61|0x00000000c5100000, 0x00000000c5100000, 0x00000000c5200000|  0%| F|  |TAMS 0x00000000c5100000, 0x00000000c5100000| Untracked 
|  62|0x00000000c5200000, 0x00000000c5200000, 0x00000000c5300000|  0%| F|  |TAMS 0x00000000c5200000, 0x00000000c5200000| Untracked 
|  63|0x00000000c5300000, 0x00000000c5300000, 0x00000000c5400000|  0%| F|  |TAMS 0x00000000c5300000, 0x00000000c5300000| Untracked 
|  64|0x00000000c5400000, 0x00000000c5400000, 0x00000000c5500000|  0%| F|  |TAMS 0x00000000c5400000, 0x00000000c5400000| Untracked 
|  65|0x00000000c5500000, 0x00000000c5500000, 0x00000000c5600000|  0%| F|  |TAMS 0x00000000c5500000, 0x00000000c5500000| Untracked 
|  66|0x00000000c5600000, 0x00000000c5700000, 0x00000000c5700000|100%| E|  |TAMS 0x00000000c5600000, 0x00000000c5600000| Complete 
|  67|0x00000000c5700000, 0x00000000c5800000, 0x00000000c5800000|100%| E|CS|TAMS 0x00000000c5700000, 0x00000000c5700000| Complete 
|  68|0x00000000c5800000, 0x00000000c5900000, 0x00000000c5900000|100%| E|CS|TAMS 0x00000000c5800000, 0x00000000c5800000| Complete 
|  69|0x00000000c5900000, 0x00000000c5a00000, 0x00000000c5a00000|100%| E|CS|TAMS 0x00000000c5900000, 0x00000000c5900000| Complete 
|  70|0x00000000c5a00000, 0x00000000c5b00000, 0x00000000c5b00000|100%| E|CS|TAMS 0x00000000c5a00000, 0x00000000c5a00000| Complete 
|  71|0x00000000c5b00000, 0x00000000c5c00000, 0x00000000c5c00000|100%| E|CS|TAMS 0x00000000c5b00000, 0x00000000c5b00000| Complete 
|  72|0x00000000c5c00000, 0x00000000c5d00000, 0x00000000c5d00000|100%| E|CS|TAMS 0x00000000c5c00000, 0x00000000c5c00000| Complete 
|  73|0x00000000c5d00000, 0x00000000c5e00000, 0x00000000c5e00000|100%| E|CS|TAMS 0x00000000c5d00000, 0x00000000c5d00000| Complete 
|  74|0x00000000c5e00000, 0x00000000c5f00000, 0x00000000c5f00000|100%| E|CS|TAMS 0x00000000c5e00000, 0x00000000c5e00000| Complete 
|  75|0x00000000c5f00000, 0x00000000c6000000, 0x00000000c6000000|100%| E|CS|TAMS 0x00000000c5f00000, 0x00000000c5f00000| Complete 
|  76|0x00000000c6000000, 0x00000000c6100000, 0x00000000c6100000|100%| E|CS|TAMS 0x00000000c6000000, 0x00000000c6000000| Complete 
|  77|0x00000000c6100000, 0x00000000c6200000, 0x00000000c6200000|100%| E|CS|TAMS 0x00000000c6100000, 0x00000000c6100000| Complete 
|  78|0x00000000c6200000, 0x00000000c6300000, 0x00000000c6300000|100%| E|CS|TAMS 0x00000000c6200000, 0x00000000c6200000| Complete 
|  79|0x00000000c6300000, 0x00000000c6400000, 0x00000000c6400000|100%| E|CS|TAMS 0x00000000c6300000, 0x00000000c6300000| Complete 
|  80|0x00000000c6400000, 0x00000000c6500000, 0x00000000c6500000|100%| E|CS|TAMS 0x00000000c6400000, 0x00000000c6400000| Complete 
|  81|0x00000000c6500000, 0x00000000c6600000, 0x00000000c6600000|100%| E|CS|TAMS 0x00000000c6500000, 0x00000000c6500000| Complete 
|  82|0x00000000c6600000, 0x00000000c6700000, 0x00000000c6700000|100%| E|CS|TAMS 0x00000000c6600000, 0x00000000c6600000| Complete 
|  83|0x00000000c6700000, 0x00000000c6800000, 0x00000000c6800000|100%| E|CS|TAMS 0x00000000c6700000, 0x00000000c6700000| Complete 
|  84|0x00000000c6800000, 0x00000000c6900000, 0x00000000c6900000|100%| E|CS|TAMS 0x00000000c6800000, 0x00000000c6800000| Complete 
|  85|0x00000000c6900000, 0x00000000c6a00000, 0x00000000c6a00000|100%| E|CS|TAMS 0x00000000c6900000, 0x00000000c6900000| Complete 
|  86|0x00000000c6a00000, 0x00000000c6b00000, 0x00000000c6b00000|100%| E|CS|TAMS 0x00000000c6a00000, 0x00000000c6a00000| Complete 
|  87|0x00000000c6b00000, 0x00000000c6c00000, 0x00000000c6c00000|100%| E|CS|TAMS 0x00000000c6b00000, 0x00000000c6b00000| Complete 
|  88|0x00000000c6c00000, 0x00000000c6d00000, 0x00000000c6d00000|100%| E|CS|TAMS 0x00000000c6c00000, 0x00000000c6c00000| Complete 
|  89|0x00000000c6d00000, 0x00000000c6e00000, 0x00000000c6e00000|100%| E|CS|TAMS 0x00000000c6d00000, 0x00000000c6d00000| Complete 

Card table byte_map: [0x000001ffd7cb0000,0x000001ffd7eb0000] _byte_map_base: 0x000001ffd76a6000

Marking Bits (Prev, Next): (CMBitMap*) 0x000001ffc558cb80, (CMBitMap*) 0x000001ffc558cb40
 Prev Bits: [0x000001ffd9060000, 0x000001ffda010000)
 Next Bits: [0x000001ffd80b0000, 0x000001ffd9060000)

Polling page: 0x000001ffc3440000

Metaspace:

Usage:
  Non-class:     53.84 MB used.
      Class:      7.86 MB used.
       Both:     61.70 MB used.

Virtual space:
  Non-class space:       56.00 MB reserved,      54.00 MB ( 96%) committed,  7 nodes.
      Class space:        1.00 GB reserved,       8.00 MB ( <1%) committed,  1 nodes.
              Both:        1.05 GB reserved,      62.00 MB (  6%) committed. 

Chunk freelists:
   Non-Class:  1.36 MB
       Class:  0 bytes
        Both:  1.36 MB

MaxMetaspaceSize: 17179869184.00 GB
CompressedClassSpaceSize: 1.00 GB
 - commit_granule_bytes: 65536.
 - commit_granule_words: 8192.
 - virtual_space_node_default_size: 1048576.
 - enlarge_chunks_in_place: 1.
 - new_chunks_are_fully_committed: 0.
 - uncommit_free_chunks: 1.
 - use_allocation_guard: 0.
 - handle_deallocations: 1.


Internal statistics:

num_allocs_failed_limit: 9.
num_arena_births: 400.
num_arena_deaths: 0.
num_vsnodes_births: 8.
num_vsnodes_deaths: 0.
num_space_committed: 992.
num_space_uncommitted: 0.
num_chunks_returned_to_freelist: 9.
num_chunks_taken_from_freelist: 2382.
num_chunk_merges: 9.
num_chunk_splits: 1696.
num_chunks_enlarged: 1363.
num_purges: 0.

CodeHeap 'non-profiled nmethods': size=120000Kb used=2295Kb max_used=2798Kb free=117704Kb
 bounds [0x000001ffd0580000, 0x000001ffd0850000, 0x000001ffd7ab0000]
CodeHeap 'profiled nmethods': size=120000Kb used=9035Kb max_used=10568Kb free=110964Kb
 bounds [0x000001ffc9050000, 0x000001ffc9ab0000, 0x000001ffd0580000]
CodeHeap 'non-nmethods': size=5760Kb used=1269Kb max_used=1324Kb free=4490Kb
 bounds [0x000001ffc8ab0000, 0x000001ffc8d20000, 0x000001ffc9050000]
 total_blobs=5095 nmethods=4512 adapters=495
 compilation: enabled
              stopped_count=0, restarted_count=0
 full_count=0

Compilation events (20 events):
Event: 44.407 Thread 0x000001ffdd02fb90 5221       2       org.bson.ByteBufNIO::position (11 bytes)
Event: 44.407 Thread 0x000001ffdd02fb90 nmethod 5221 0x000001ffc9a17610 code [0x000001ffc9a177c0, 0x000001ffc9a17908]
Event: 44.408 Thread 0x000001ffdd02fb90 5223       2       org.bson.io.ByteBufferBsonInput::skipCString (54 bytes)
Event: 44.409 Thread 0x000001ffdd02fb90 nmethod 5223 0x000001ffc9574b10 code [0x000001ffc9574d00, 0x000001ffc95750c8]
Event: 44.411 Thread 0x000001ffdd02fb90 5224       2       org.bson.BsonBinaryReader::getContext (8 bytes)
Event: 44.411 Thread 0x000001ffdd02fb90 nmethod 5224 0x000001ffc9574790 code [0x000001ffc9574920, 0x000001ffc9574a58]
Event: 44.411 Thread 0x000001ffdd02fb90 5225       2       java.lang.String::<init> (10 bytes)
Event: 44.412 Thread 0x000001ffdd02fb90 nmethod 5225 0x000001ffc9574410 code [0x000001ffc95745c0, 0x000001ffc95746e8]
Event: 44.412 Thread 0x000001ffdd02fb90 5226       2       org.bson.ByteBufNIO::remaining (8 bytes)
Event: 44.412 Thread 0x000001ffdd02fb90 nmethod 5226 0x000001ffc9573e10 code [0x000001ffc9573fa0, 0x000001ffc95740b8]
Event: 44.412 Thread 0x000001ffdd02fb90 5227       2       org.bson.io.ByteBufferBsonInput::ensureAvailable (53 bytes)
Event: 44.414 Thread 0x000001ffdd02fb90 nmethod 5227 0x000001ffc96bcf90 code [0x000001ffc96bd1e0, 0x000001ffc96bdaa8]
Event: 44.493 Thread 0x000001ffdd02fb90 5228       2       jdk.internal.jimage.ImageBufferCache$2::compare (13 bytes)
Event: 44.494 Thread 0x000001ffdd02fb90 nmethod 5228 0x000001ffc96bca10 code [0x000001ffc96bcbc0, 0x000001ffc96bcdb8]
Event: 44.494 Thread 0x000001ffdd02fb90 5230       2       java.util.zip.Inflater::inflate (9 bytes)
Event: 44.495 Thread 0x000001ffdd02fb90 nmethod 5230 0x000001ffc90b4c90 code [0x000001ffc90b4e40, 0x000001ffc90b4f68]
Event: 44.495 Thread 0x000001ffdd02fb90 5229       2       jdk.internal.jimage.ImageBufferCache$2::compare (28 bytes)
Event: 44.495 Thread 0x000001ffdd02fb90 nmethod 5229 0x000001ffc90b4890 code [0x000001ffc90b4a40, 0x000001ffc90b4bd8]
Event: 44.497 Thread 0x000001ffdd02fb90 5231       2       java.nio.HeapByteBuffer::getInt (29 bytes)
Event: 44.498 Thread 0x000001ffdd02fb90 nmethod 5231 0x000001ffc90b4010 code [0x000001ffc90b4200, 0x000001ffc90b45e8]

GC Heap History (20 events):
Event: 24.680 GC heap before
{Heap before GC invocations=10 (full 0):
 garbage-first heap   total 46080K, used 33673K [0x00000000c1400000, 0x0000000100000000)
  region size 1024K, 23 young (23552K), 3 survivors (3072K)
 Metaspace       used 31481K, committed 31808K, reserved 1081344K
  class space    used 3526K, committed 3712K, reserved 1048576K
}
Event: 24.687 GC heap after
{Heap after GC invocations=11 (full 0):
 garbage-first heap   total 46080K, used 14628K [0x00000000c1400000, 0x0000000100000000)
  region size 1024K, 3 young (3072K), 3 survivors (3072K)
 Metaspace       used 31481K, committed 31808K, reserved 1081344K
  class space    used 3526K, committed 3712K, reserved 1048576K
}
Event: 27.481 GC heap before
{Heap before GC invocations=11 (full 0):
 garbage-first heap   total 46080K, used 33060K [0x00000000c1400000, 0x0000000100000000)
  region size 1024K, 22 young (22528K), 3 survivors (3072K)
 Metaspace       used 35241K, committed 35520K, reserved 1081344K
  class space    used 4043K, committed 4160K, reserved 1048576K
}
Event: 27.491 GC heap after
{Heap after GC invocations=12 (full 0):
 garbage-first heap   total 46080K, used 16521K [0x00000000c1400000, 0x0000000100000000)
  region size 1024K, 3 young (3072K), 3 survivors (3072K)
 Metaspace       used 35241K, committed 35520K, reserved 1081344K
  class space    used 4043K, committed 4160K, reserved 1048576K
}
Event: 27.997 GC heap before
{Heap before GC invocations=13 (full 0):
 garbage-first heap   total 46080K, used 33929K [0x00000000c1400000, 0x0000000100000000)
  region size 1024K, 21 young (21504K), 3 survivors (3072K)
 Metaspace       used 35882K, committed 36224K, reserved 1081344K
  class space    used 4112K, committed 4288K, reserved 1048576K
}
Event: 28.004 GC heap after
{Heap after GC invocations=14 (full 0):
 garbage-first heap   total 46080K, used 17350K [0x00000000c1400000, 0x0000000100000000)
  region size 1024K, 1 young (1024K), 1 survivors (1024K)
 Metaspace       used 35882K, committed 36224K, reserved 1081344K
  class space    used 4112K, committed 4288K, reserved 1048576K
}
Event: 28.013 GC heap before
{Heap before GC invocations=14 (full 0):
 garbage-first heap   total 46080K, used 33734K [0x00000000c1400000, 0x0000000100000000)
  region size 1024K, 18 young (18432K), 1 survivors (1024K)
 Metaspace       used 35882K, committed 36224K, reserved 1081344K
  class space    used 4112K, committed 4288K, reserved 1048576K
}
Event: 28.015 GC heap after
{Heap after GC invocations=15 (full 0):
 garbage-first heap   total 46080K, used 17150K [0x00000000c1400000, 0x0000000100000000)
  region size 1024K, 1 young (1024K), 1 survivors (1024K)
 Metaspace       used 35882K, committed 36224K, reserved 1081344K
  class space    used 4112K, committed 4288K, reserved 1048576K
}
Event: 29.466 GC heap before
{Heap before GC invocations=15 (full 0):
 garbage-first heap   total 46080K, used 33534K [0x00000000c1400000, 0x0000000100000000)
  region size 1024K, 18 young (18432K), 1 survivors (1024K)
 Metaspace       used 36613K, committed 36928K, reserved 1089536K
  class space    used 4175K, committed 4352K, reserved 1048576K
}
Event: 29.470 GC heap after
{Heap after GC invocations=16 (full 0):
 garbage-first heap   total 46080K, used 17561K [0x00000000c1400000, 0x0000000100000000)
  region size 1024K, 1 young (1024K), 1 survivors (1024K)
 Metaspace       used 36613K, committed 36928K, reserved 1089536K
  class space    used 4175K, committed 4352K, reserved 1048576K
}
Event: 29.481 GC heap before
{Heap before GC invocations=16 (full 0):
 garbage-first heap   total 46080K, used 34969K [0x00000000c1400000, 0x0000000100000000)
  region size 1024K, 19 young (19456K), 1 survivors (1024K)
 Metaspace       used 36613K, committed 36928K, reserved 1089536K
  class space    used 4175K, committed 4352K, reserved 1048576K
}
Event: 29.484 GC heap after
{Heap after GC invocations=17 (full 0):
 garbage-first heap   total 46080K, used 17591K [0x00000000c1400000, 0x0000000100000000)
  region size 1024K, 1 young (1024K), 1 survivors (1024K)
 Metaspace       used 36613K, committed 36928K, reserved 1089536K
  class space    used 4175K, committed 4352K, reserved 1048576K
}
Event: 29.647 GC heap before
{Heap before GC invocations=17 (full 0):
 garbage-first heap   total 46080K, used 34999K [0x00000000c1400000, 0x0000000100000000)
  region size 1024K, 19 young (19456K), 1 survivors (1024K)
 Metaspace       used 36614K, committed 36928K, reserved 1089536K
  class space    used 4175K, committed 4352K, reserved 1048576K
}
Event: 29.649 GC heap after
{Heap after GC invocations=18 (full 0):
 garbage-first heap   total 46080K, used 17474K [0x00000000c1400000, 0x0000000100000000)
  region size 1024K, 1 young (1024K), 1 survivors (1024K)
 Metaspace       used 36614K, committed 36928K, reserved 1089536K
  class space    used 4175K, committed 4352K, reserved 1048576K
}
Event: 31.487 GC heap before
{Heap before GC invocations=18 (full 0):
 garbage-first heap   total 46080K, used 35906K [0x00000000c1400000, 0x0000000100000000)
  region size 1024K, 20 young (20480K), 1 survivors (1024K)
 Metaspace       used 39346K, committed 39680K, reserved 1089536K
  class space    used 4516K, committed 4672K, reserved 1048576K
}
Event: 31.495 GC heap after
{Heap after GC invocations=19 (full 0):
 garbage-first heap   total 92160K, used 18292K [0x00000000c1400000, 0x0000000100000000)
  region size 1024K, 2 young (2048K), 2 survivors (2048K)
 Metaspace       used 39346K, committed 39680K, reserved 1089536K
  class space    used 4516K, committed 4672K, reserved 1048576K
}
Event: 38.688 GC heap before
{Heap before GC invocations=19 (full 0):
 garbage-first heap   total 92160K, used 71540K [0x00000000c1400000, 0x0000000100000000)
  region size 1024K, 54 young (55296K), 2 survivors (2048K)
 Metaspace       used 52486K, committed 52800K, reserved 1097728K
  class space    used 6512K, committed 6656K, reserved 1048576K
}
Event: 38.703 GC heap after
{Heap after GC invocations=20 (full 0):
 garbage-first heap   total 92160K, used 20791K [0x00000000c1400000, 0x0000000100000000)
  region size 1024K, 5 young (5120K), 5 survivors (5120K)
 Metaspace       used 52486K, committed 52800K, reserved 1097728K
  class space    used 6512K, committed 6656K, reserved 1048576K
}
Event: 42.944 GC heap before
{Heap before GC invocations=20 (full 0):
 garbage-first heap   total 92160K, used 55607K [0x00000000c1400000, 0x0000000100000000)
  region size 1024K, 40 young (40960K), 5 survivors (5120K)
 Metaspace       used 59102K, committed 59456K, reserved 1105920K
  class space    used 7487K, committed 7680K, reserved 1048576K
}
Event: 42.969 GC heap after
{Heap after GC invocations=21 (full 0):
 garbage-first heap   total 92160K, used 24026K [0x00000000c1400000, 0x0000000100000000)
  region size 1024K, 7 young (7168K), 7 survivors (7168K)
 Metaspace       used 59102K, committed 59456K, reserved 1105920K
  class space    used 7487K, committed 7680K, reserved 1048576K
}

Deoptimization events (20 events):
Event: 43.042 Thread 0x000001ffde4095c0 Uncommon trap: trap_request=0xffffff45 fr.pc=0x000001ffd073346c relative=0x000000000000112c
Event: 43.042 Thread 0x000001ffde4095c0 Uncommon trap: reason=unstable_if action=reinterpret pc=0x000001ffd073346c method=java.util.concurrent.ConcurrentHashMap.putVal(Ljava/lang/Object;Ljava/lang/Object;Z)Ljava/lang/Object; @ 401 c2
Event: 43.042 Thread 0x000001ffde4095c0 DEOPT PACKING pc=0x000001ffd073346c sp=0x000000b5e0cfb920
Event: 43.042 Thread 0x000001ffde4095c0 DEOPT UNPACKING pc=0x000001ffc8afd72e sp=0x000000b5e0cfb8b0 mode 2
Event: 43.044 Thread 0x000001ffde4095c0 Uncommon trap: trap_request=0xffffff45 fr.pc=0x000001ffd07300d8 relative=0x0000000000000238
Event: 43.044 Thread 0x000001ffde4095c0 Uncommon trap: reason=unstable_if action=reinterpret pc=0x000001ffd07300d8 method=java.util.concurrent.ConcurrentHashMap.get(Ljava/lang/Object;)Ljava/lang/Object; @ 86 c2
Event: 43.044 Thread 0x000001ffde4095c0 DEOPT PACKING pc=0x000001ffd07300d8 sp=0x000000b5e0cfb9c0
Event: 43.044 Thread 0x000001ffde4095c0 DEOPT UNPACKING pc=0x000001ffc8afd72e sp=0x000000b5e0cfb928 mode 2
Event: 43.045 Thread 0x000001ffde4095c0 Uncommon trap: trap_request=0xffffff45 fr.pc=0x000001ffd0625c9c relative=0x000000000000123c
Event: 43.045 Thread 0x000001ffde4095c0 Uncommon trap: reason=unstable_if action=reinterpret pc=0x000001ffd0625c9c method=java.util.concurrent.ConcurrentHashMap.transfer([Ljava/util/concurrent/ConcurrentHashMap$Node;[Ljava/util/concurrent/ConcurrentHashMap$Node;)V @ 352 c2
Event: 43.045 Thread 0x000001ffde4095c0 DEOPT PACKING pc=0x000001ffd0625c9c sp=0x000000b5e0cfb710
Event: 43.045 Thread 0x000001ffde4095c0 DEOPT UNPACKING pc=0x000001ffc8afd72e sp=0x000000b5e0cfb698 mode 2
Event: 44.171 Thread 0x000001ffde4095c0 Uncommon trap: trap_request=0xffffff45 fr.pc=0x000001ffd05a1ce4 relative=0x00000000000005a4
Event: 44.171 Thread 0x000001ffde4095c0 Uncommon trap: reason=unstable_if action=reinterpret pc=0x000001ffd05a1ce4 method=java.lang.AbstractStringBuilder.append(Ljava/lang/String;)Ljava/lang/AbstractStringBuilder; @ 1 c2
Event: 44.171 Thread 0x000001ffde4095c0 DEOPT PACKING pc=0x000001ffd05a1ce4 sp=0x000000b5e0cf9080
Event: 44.171 Thread 0x000001ffde4095c0 DEOPT UNPACKING pc=0x000001ffc8afd72e sp=0x000000b5e0cf9000 mode 2
Event: 44.172 Thread 0x000001ffde4095c0 Uncommon trap: trap_request=0xffffff45 fr.pc=0x000001ffd05a0c74 relative=0x00000000000005b4
Event: 44.172 Thread 0x000001ffde4095c0 Uncommon trap: reason=unstable_if action=reinterpret pc=0x000001ffd05a0c74 method=java.lang.AbstractStringBuilder.append(Ljava/lang/String;)Ljava/lang/AbstractStringBuilder; @ 1 c2
Event: 44.172 Thread 0x000001ffde4095c0 DEOPT PACKING pc=0x000001ffd05a0c74 sp=0x000000b5e0cf9020
Event: 44.173 Thread 0x000001ffde4095c0 DEOPT UNPACKING pc=0x000001ffc8afd72e sp=0x000000b5e0cf9008 mode 2

Classes unloaded (0 events):
No events

Classes redefined (0 events):
No events

Internal exceptions (20 events):
Event: 43.600 Thread 0x000001ffde4095c0 Exception <a 'java/lang/reflect/InvocationTargetException'{0x00000000c6111460}> (0x00000000c6111460) 
thrown [t:\workspace\open\src\hotspot\share\runtime\reflection.cpp, line 1157]
Event: 43.609 Thread 0x000001ffde4095c0 Exception <a 'java/lang/reflect/InvocationTargetException'{0x00000000c611b7b8}> (0x00000000c611b7b8) 
thrown [t:\workspace\open\src\hotspot\share\runtime\reflection.cpp, line 1157]
Event: 43.618 Thread 0x000001ffde4095c0 Exception <a 'java/lang/reflect/InvocationTargetException'{0x00000000c6125b10}> (0x00000000c6125b10) 
thrown [t:\workspace\open\src\hotspot\share\runtime\reflection.cpp, line 1157]
Event: 43.637 Thread 0x000001ffde4095c0 Exception <a 'java/lang/ClassNotFoundException'{0x00000000c61abee8}: java/lang/ObjectCustomizer> (0x00000000c61abee8) 
thrown [t:\workspace\open\src\hotspot\share\classfile\systemDictionary.cpp, line 256]
Event: 43.639 Thread 0x000001ffde4095c0 Exception <a 'java/lang/ClassNotFoundException'{0x00000000c61b5630}: org/springframework/data/repository/core/support/RepositoryFactoryBeanSupportCustomizer> (0x00000000c61b5630) 
thrown [t:\workspace\open\src\hotspot\share\classfile\systemDictionary.cpp, line 256]
Event: 43.642 Thread 0x000001ffde4095c0 Exception <a 'java/lang/ClassNotFoundException'{0x00000000c61cc8b8}: org/springframework/data/mongodb/repository/support/MongoRepositoryFactoryBeanCustomizer> (0x00000000c61cc8b8) 
thrown [t:\workspace\open\src\hotspot\share\classfile\systemDictionary.cpp, line 256]
Event: 43.648 Thread 0x000001ffde4095c0 Exception <a 'java/lang/ClassNotFoundException'{0x00000000c61ed908}: org/springframework/beans/factory/InitializingBeanCustomizer> (0x00000000c61ed908) 
thrown [t:\workspace\open\src\hotspot\share\classfile\systemDictionary.cpp, line 256]
Event: 43.652 Thread 0x000001ffde4095c0 Exception <a 'java/lang/ClassNotFoundException'{0x00000000c61f4510}: org/springframework/data/repository/core/support/RepositoryFactoryInformationCustomizer> (0x00000000c61f4510) 
thrown [t:\workspace\open\src\hotspot\share\classfile\systemDictionary.cpp, line 256]
Event: 43.655 Thread 0x000001ffde4095c0 Exception <a 'java/lang/ClassNotFoundException'{0x00000000c61fea10}: org/springframework/beans/factory/FactoryBeanCustomizer> (0x00000000c61fea10) 
thrown [t:\workspace\open\src\hotspot\share\classfile\systemDictionary.cpp, line 256]
Event: 43.658 Thread 0x000001ffde4095c0 Exception <a 'java/lang/ClassNotFoundException'{0x00000000c60074a0}: org/springframework/beans/factory/BeanClassLoaderAwareCustomizer> (0x00000000c60074a0) 
thrown [t:\workspace\open\src\hotspot\share\classfile\systemDictionary.cpp, line 256]
Event: 43.661 Thread 0x000001ffde4095c0 Exception <a 'java/lang/ClassNotFoundException'{0x00000000c600db90}: org/springframework/beans/factory/AwareCustomizer> (0x00000000c600db90) 
thrown [t:\workspace\open\src\hotspot\share\classfile\systemDictionary.cpp, line 256]
Event: 43.664 Thread 0x000001ffde4095c0 Exception <a 'java/lang/ClassNotFoundException'{0x00000000c6013680}: org/springframework/beans/factory/BeanFactoryAwareCustomizer> (0x00000000c6013680) 
thrown [t:\workspace\open\src\hotspot\share\classfile\systemDictionary.cpp, line 256]
Event: 43.666 Thread 0x000001ffde4095c0 Exception <a 'java/lang/ClassNotFoundException'{0x00000000c601a4c0}: org/springframework/beans/factory/AwareCustomizer> (0x00000000c601a4c0) 
thrown [t:\workspace\open\src\hotspot\share\classfile\systemDictionary.cpp, line 256]
Event: 43.668 Thread 0x000001ffde4095c0 Exception <a 'java/lang/ClassNotFoundException'{0x00000000c6020128}: org/springframework/context/ApplicationEventPublisherAwareCustomizer> (0x00000000c6020128) 
thrown [t:\workspace\open\src\hotspot\share\classfile\systemDictionary.cpp, line 256]
Event: 43.669 Thread 0x000001ffde4095c0 Exception <a 'java/lang/ClassNotFoundException'{0x00000000c6026b20}: org/springframework/beans/factory/AwareCustomizer> (0x00000000c6026b20) 
thrown [t:\workspace\open\src\hotspot\share\classfile\systemDictionary.cpp, line 256]
Event: 44.171 Thread 0x000001ffde4095c0 Implicit null exception at 0x000001ffd05a1772 to 0x000001ffd05a1ccc
Event: 44.172 Thread 0x000001ffde4095c0 Implicit null exception at 0x000001ffd05a06f2 to 0x000001ffd05a0c5c
Event: 44.275 Thread 0x000001ffde7d4470 Exception <a 'java/lang/reflect/InvocationTargetException'{0x00000000c5925a38}> (0x00000000c5925a38) 
thrown [t:\workspace\open\src\hotspot\share\runtime\reflection.cpp, line 1157]
Event: 44.276 Thread 0x000001ffde7d5460 Exception <a 'java/lang/reflect/InvocationTargetException'{0x00000000c5ad1a48}> (0x00000000c5ad1a48) 
thrown [t:\workspace\open\src\hotspot\share\runtime\reflection.cpp, line 1157]
Event: 44.385 Thread 0x000001ffde7d4470 Exception <a 'java/lang/NoSuchMethodError'{0x00000000c58d42a0}: 'void java.lang.invoke.DirectMethodHandle$Holder.invokeVirtual(java.lang.Object, java.lang.Object)'> (0x00000000c58d42a0) 
thrown [t:\workspace\open\src\hotspot\share\interpreter\linkResolver.cpp, line 790]

Events (20 events):
Event: 44.479 loading class jdk/internal/icu/impl/ICUBinary$Authenticate done
Event: 44.479 loading class jdk/internal/icu/impl/NormalizerImpl$IsAcceptable done
Event: 44.479 loading class jdk/internal/icu/text/Normalizer2
Event: 44.480 loading class jdk/internal/icu/text/Normalizer2 done
Event: 44.480 loading class jdk/internal/icu/impl/Norm2AllModes
Event: 44.480 loading class jdk/internal/icu/impl/Norm2AllModes done
Event: 44.481 loading class jdk/internal/icu/impl/Norm2AllModes$NoopNormalizer2
Event: 44.481 loading class jdk/internal/icu/impl/Norm2AllModes$NoopNormalizer2 done
Event: 44.482 loading class jdk/internal/icu/impl/Norm2AllModes$NFCSingleton
Event: 44.483 loading class jdk/internal/icu/impl/Norm2AllModes$NFCSingleton done
Event: 44.483 loading class jdk/internal/icu/impl/Norm2AllModes$Norm2AllModesSingleton
Event: 44.483 loading class jdk/internal/icu/impl/Norm2AllModes$Norm2AllModesSingleton done
Event: 44.483 loading class jdk/internal/icu/impl/ICUBinary
Event: 44.490 loading class jdk/internal/icu/impl/ICUBinary done
Event: 44.490 loading class jdk/internal/icu/impl/ICUBinary$1
Event: 44.493 loading class jdk/internal/icu/impl/ICUBinary$1 done
Event: 44.496 loading class jdk/internal/icu/util/VersionInfo
Event: 44.496 loading class jdk/internal/icu/util/VersionInfo done
Event: 44.497 loading class jdk/internal/icu/util/CodePointTrie$Fast16
Event: 44.498 loading class jdk/internal/icu/util/CodePointTrie$Fast


Dynamic libraries:
0x00007ff641ad0000 - 0x00007ff641ade000 	C:\Users\Ivana\Downloads\eclipse\plugins\org.eclipse.justj.openjdk.hotspot.jre.full.win32.x86_64_16.0.1.v20210528-1205\jre\bin\javaw.exe
0x00007ffba47f0000 - 0x00007ffba49dd000 	C:\Windows\SYSTEM32\ntdll.dll
0x00007ffba46e0000 - 0x00007ffba4793000 	C:\Windows\System32\KERNEL32.DLL
0x00007ffba0f30000 - 0x00007ffba11c5000 	C:\Windows\System32\KERNELBASE.dll
0x00007ffba0d10000 - 0x00007ffba0e0a000 	C:\Windows\System32\ucrtbase.dll
0x00007ffb98c80000 - 0x00007ffb98c98000 	C:\Users\Ivana\Downloads\eclipse\plugins\org.eclipse.justj.openjdk.hotspot.jre.full.win32.x86_64_16.0.1.v20210528-1205\jre\bin\jli.dll
0x00007ffba4110000 - 0x00007ffba42a7000 	C:\Windows\System32\USER32.dll
0x00007ffba11d0000 - 0x00007ffba11f0000 	C:\Windows\System32\win32u.dll
0x00007ffba1d90000 - 0x00007ffba1db9000 	C:\Windows\System32\GDI32.dll
0x00007ffba0910000 - 0x00007ffba0aa9000 	C:\Windows\System32\gdi32full.dll
0x00007ffba1220000 - 0x00007ffba12c0000 	C:\Windows\System32\msvcp_win.dll
0x00007ffb94ff0000 - 0x00007ffb95009000 	C:\Users\Ivana\Downloads\eclipse\plugins\org.eclipse.justj.openjdk.hotspot.jre.full.win32.x86_64_16.0.1.v20210528-1205\jre\bin\VCRUNTIME140.dll
0x00007ffb8e720000 - 0x00007ffb8e999000 	C:\Windows\WinSxS\amd64_microsoft.windows.common-controls_6595b64144ccf1df_6.0.17763.1131_none_de70cc6c534ba36a\COMCTL32.dll
0x00007ffba3fd0000 - 0x00007ffba406e000 	C:\Windows\System32\msvcrt.dll
0x00007ffba3ad0000 - 0x00007ffba3dfc000 	C:\Windows\System32\combase.dll
0x00007ffba1ed0000 - 0x00007ffba1ff2000 	C:\Windows\System32\RPCRT4.dll
0x00007ffba0c90000 - 0x00007ffba0d0e000 	C:\Windows\System32\bcryptPrimitives.dll
0x00007ffba40e0000 - 0x00007ffba410e000 	C:\Windows\System32\IMM32.DLL
0x00007ffb99990000 - 0x00007ffb9999c000 	C:\Users\Ivana\Downloads\eclipse\plugins\org.eclipse.justj.openjdk.hotspot.jre.full.win32.x86_64_16.0.1.v20210528-1205\jre\bin\vcruntime140_1.dll
0x00007ffb831e0000 - 0x00007ffb83271000 	C:\Users\Ivana\Downloads\eclipse\plugins\org.eclipse.justj.openjdk.hotspot.jre.full.win32.x86_64_16.0.1.v20210528-1205\jre\bin\msvcp140.dll
0x00007ffb487d0000 - 0x00007ffb4937b000 	C:\Users\Ivana\Downloads\eclipse\plugins\org.eclipse.justj.openjdk.hotspot.jre.full.win32.x86_64_16.0.1.v20210528-1205\jre\bin\server\jvm.dll
0x00007ffba1ce0000 - 0x00007ffba1d83000 	C:\Windows\System32\ADVAPI32.dll
0x00007ffba3e00000 - 0x00007ffba3e9e000 	C:\Windows\System32\sechost.dll
0x00007ffba47b0000 - 0x00007ffba47b8000 	C:\Windows\System32\PSAPI.DLL
0x00007ffb8de20000 - 0x00007ffb8de29000 	C:\Windows\SYSTEM32\WSOCK32.dll
0x00007ffba4070000 - 0x00007ffba40dd000 	C:\Windows\System32\WS2_32.dll
0x00007ffb9d500000 - 0x00007ffb9d524000 	C:\Windows\SYSTEM32\WINMM.dll
0x00007ffba03e0000 - 0x00007ffba03ea000 	C:\Windows\SYSTEM32\VERSION.dll
0x00007ffb9d4d0000 - 0x00007ffb9d4fd000 	C:\Windows\SYSTEM32\WINMMBASE.dll
0x00007ffba0e10000 - 0x00007ffba0e5a000 	C:\Windows\System32\cfgmgr32.dll
0x00007ffba0800000 - 0x00007ffba0811000 	C:\Windows\System32\kernel.appcore.dll
0x00007ffb98c30000 - 0x00007ffb98c3a000 	C:\Users\Ivana\Downloads\eclipse\plugins\org.eclipse.justj.openjdk.hotspot.jre.full.win32.x86_64_16.0.1.v20210528-1205\jre\bin\jimage.dll
0x00007ffb90bf0000 - 0x00007ffb90ddd000 	C:\Windows\SYSTEM32\DBGHELP.DLL
0x00007ffb90a00000 - 0x00007ffb90a2a000 	C:\Windows\SYSTEM32\dbgcore.DLL
0x00007ffb627e0000 - 0x00007ffb62805000 	C:\Users\Ivana\Downloads\eclipse\plugins\org.eclipse.justj.openjdk.hotspot.jre.full.win32.x86_64_16.0.1.v20210528-1205\jre\bin\java.dll
0x00007ffb830b0000 - 0x00007ffb830c8000 	C:\Users\Ivana\Downloads\eclipse\plugins\org.eclipse.justj.openjdk.hotspot.jre.full.win32.x86_64_16.0.1.v20210528-1205\jre\bin\zip.dll
0x00007ffba2000000 - 0x00007ffba34f4000 	C:\Windows\System32\SHELL32.dll
0x00007ffba1dc0000 - 0x00007ffba1e68000 	C:\Windows\System32\shcore.dll
0x00007ffba12c0000 - 0x00007ffba1a0d000 	C:\Windows\System32\windows.storage.dll
0x00007ffba0820000 - 0x00007ffba0844000 	C:\Windows\System32\profapi.dll
0x00007ffba0850000 - 0x00007ffba08ad000 	C:\Windows\System32\powrprof.dll
0x00007ffba4680000 - 0x00007ffba46d2000 	C:\Windows\System32\shlwapi.dll
0x00007ffba0e60000 - 0x00007ffba0e77000 	C:\Windows\System32\cryptsp.dll
0x00007ffb74060000 - 0x00007ffb74079000 	C:\Users\Ivana\Downloads\eclipse\plugins\org.eclipse.justj.openjdk.hotspot.jre.full.win32.x86_64_16.0.1.v20210528-1205\jre\bin\net.dll
0x00007ffb93540000 - 0x00007ffb93632000 	C:\Windows\SYSTEM32\WINHTTP.dll
0x00007ffb9ffe0000 - 0x00007ffba0047000 	C:\Windows\system32\mswsock.dll
0x00007ffb735f0000 - 0x00007ffb73603000 	C:\Users\Ivana\Downloads\eclipse\plugins\org.eclipse.justj.openjdk.hotspot.jre.full.win32.x86_64_16.0.1.v20210528-1205\jre\bin\nio.dll
0x00007ffb8df60000 - 0x00007ffb8df70000 	C:\Users\Ivana\Downloads\eclipse\plugins\org.eclipse.justj.openjdk.hotspot.jre.full.win32.x86_64_16.0.1.v20210528-1205\jre\bin\verify.dll
0x00007ffb884c0000 - 0x00007ffb884c9000 	C:\Users\Ivana\Downloads\eclipse\plugins\org.eclipse.justj.openjdk.hotspot.jre.full.win32.x86_64_16.0.1.v20210528-1205\jre\bin\management.dll
0x00007ffb88110000 - 0x00007ffb8811b000 	C:\Users\Ivana\Downloads\eclipse\plugins\org.eclipse.justj.openjdk.hotspot.jre.full.win32.x86_64_16.0.1.v20210528-1205\jre\bin\management_ext.dll
0x00007ffb8dd00000 - 0x00007ffb8dd16000 	C:\Windows\system32\napinsp.dll
0x00007ffb8dce0000 - 0x00007ffb8dcfa000 	C:\Windows\system32\pnrpnsp.dll
0x00007ffb9fd40000 - 0x00007ffb9fe07000 	C:\Windows\SYSTEM32\DNSAPI.dll
0x00007ffba47a0000 - 0x00007ffba47a8000 	C:\Windows\System32\NSI.dll
0x00007ffb9fd00000 - 0x00007ffb9fd3d000 	C:\Windows\SYSTEM32\IPHLPAPI.DLL
0x00007ffb8dcd0000 - 0x00007ffb8dcde000 	C:\Windows\System32\winrnr.dll
0x00007ffb9d220000 - 0x00007ffb9d23b000 	C:\Windows\system32\NLAapi.dll
0x00007ffb97850000 - 0x00007ffb97865000 	C:\Windows\system32\wshbth.dll
0x00007ffb92de0000 - 0x00007ffb92dea000 	C:\Windows\System32\rasadhlp.dll
0x00007ffb932b0000 - 0x00007ffb93329000 	C:\Windows\System32\fwpuclnt.dll
0x00007ffba11f0000 - 0x00007ffba1216000 	C:\Windows\System32\bcrypt.dll
0x00007ffb9fb60000 - 0x00007ffb9fb93000 	C:\Windows\system32\rsaenh.dll
0x00007ffba06e0000 - 0x00007ffba0708000 	C:\Windows\SYSTEM32\USERENV.dll
0x00007ffba01b0000 - 0x00007ffba01bc000 	C:\Windows\SYSTEM32\CRYPTBASE.dll
0x00007ffb95de0000 - 0x00007ffb95df6000 	C:\Windows\SYSTEM32\dhcpcsvc6.DLL
0x00007ffb96130000 - 0x00007ffb9614c000 	C:\Windows\SYSTEM32\dhcpcsvc.DLL
0x00007ffb8de10000 - 0x00007ffb8de1e000 	C:\Users\Ivana\Downloads\eclipse\plugins\org.eclipse.justj.openjdk.hotspot.jre.full.win32.x86_64_16.0.1.v20210528-1205\jre\bin\sunmscapi.dll
0x00007ffba0ab0000 - 0x00007ffba0c8c000 	C:\Windows\System32\CRYPT32.dll
0x00007ffba07e0000 - 0x00007ffba07f2000 	C:\Windows\System32\MSASN1.dll
0x00007ffba02b0000 - 0x00007ffba02d6000 	C:\Windows\SYSTEM32\ncrypt.dll
0x00007ffba0270000 - 0x00007ffba02ac000 	C:\Windows\SYSTEM32\NTASN1.dll
0x00007ffb99840000 - 0x00007ffb99847000 	C:\Windows\system32\wshunix.dll

dbghelp: loaded successfully - version: 4.0.5 - missing functions: none
symbol engine: initialized successfully - sym options: 0x614 - pdb path: .;C:\Users\Ivana\Downloads\eclipse\plugins\org.eclipse.justj.openjdk.hotspot.jre.full.win32.x86_64_16.0.1.v20210528-1205\jre\bin;C:\Windows\SYSTEM32;C:\Windows\WinSxS\amd64_microsoft.windows.common-controls_6595b64144ccf1df_6.0.17763.1131_none_de70cc6c534ba36a;C:\Users\Ivana\Downloads\eclipse\plugins\org.eclipse.justj.openjdk.hotspot.jre.full.win32.x86_64_16.0.1.v20210528-1205\jre\bin\server

VM Arguments:
jvm_args: -Dfile.encoding=UTF-8 -XX:+ShowCodeDetailsInExceptionMessages 
java_command: com.example.accessingdata.AccessingDataApplication
java_class_path (initial): C:\Users\Ivana\Desktop\gs-accessing-data-neo4j-main\gs-accessing-data-neo4j-main\initial\target\classes;C:\Users\Ivana\.m2\repository\jakarta\xml\ws\jakarta.xml.ws-api\2.3.3\jakarta.xml.ws-api-2.3.3.jar;C:\Users\Ivana\.m2\repository\jakarta\xml\bind\jakarta.xml.bind-api\2.3.3\jakarta.xml.bind-api-2.3.3.jar;C:\Users\Ivana\.m2\repository\jakarta\activation\jakarta.activation-api\1.2.2\jakarta.activation-api-1.2.2.jar;C:\Users\Ivana\.m2\repository\jakarta\xml\soap\jakarta.xml.soap-api\1.4.2\jakarta.xml.soap-api-1.4.2.jar;C:\Users\Ivana\.m2\repository\jakarta\jws\jakarta.jws-api\2.1.0\jakarta.jws-api-2.1.0.jar;C:\Users\Ivana\.m2\repository\javax\xml\ws\jaxws-api\2.3.1\jaxws-api-2.3.1.jar;C:\Users\Ivana\.m2\repository\javax\xml\bind\jaxb-api\2.3.1\jaxb-api-2.3.1.jar;C:\Users\Ivana\.m2\repository\javax\activation\javax.activation-api\1.2.0\javax.activation-api-1.2.0.jar;C:\Users\Ivana\.m2\repository\javax\xml\soap\javax.xml.soap-api\1.4.0\javax.xml.soap-api-1.4.0.jar;C:\Users\Ivana\.m2\repository\javax\annotation\javax.annotation-api\1.3.2\javax.annotation-api-1.3.2.jar;C:\Users\Ivana\.m2\repository\org\springframework\boot\spring-boot-starter-data-neo4j\2.6.2\spring-boot-starter-data-neo4j-2.6.2.jar;C:\Users\Ivana\.m2\repository\org\springframework\boot\spring-boot-starter\2.6.2\spring-boot-starter-2.6.2.jar;C:\Users\Ivana\.m2\repository\org\springframework\boot\spring-boot-starter-logging\2.6.2\spring-boot-starter-logging-2.6.2.jar;C:\Users\Ivana\.m2\repository\ch\qos\logback\logback-classic\1.2.9\logback-classic-1.2.9.jar;C:\Users\Ivana\.m2\repository\ch\qos\logback\logback-core\1.2.9\logback-core-1.2.9.jar;C:\Users\Ivana\.m2\repository\org\apache\logging\log4j\log4j-to-slf4j\2.17.0\log4j-to-slf4j-2.17.0.jar;C:\Users\Ivana\.m2\repository\org\apache\logging\log4j\log4j-api\2.17.0\log4j-api-2.17.0.jar;C:\Users\Ivana\.m2\repository\org\slf4j\jul-to-slf4j\1.7.32\jul-to-slf4j-1.7.32.jar;C:\Users\Ivana\.m2\repository\jakarta\annotation\jakarta.an
Launcher Type: SUN_STANDARD

[Global flags]
     intx CICompilerCount                          = 3                                         {product} {ergonomic}
     uint ConcGCThreads                            = 1                                         {product} {ergonomic}
     uint G1ConcRefinementThreads                  = 4                                         {product} {ergonomic}
   size_t G1HeapRegionSize                         = 1048576                                   {product} {ergonomic}
    uintx GCDrainStackTargetSize                   = 64                                        {product} {ergonomic}
   size_t InitialHeapSize                          = 67108864                                  {product} {ergonomic}
   size_t MarkStackSize                            = 4194304                                   {product} {ergonomic}
   size_t MaxHeapSize                              = 1052770304                                {product} {ergonomic}
   size_t MaxNewSize                               = 631242752                                 {product} {ergonomic}
   size_t MinHeapDeltaBytes                        = 1048576                                   {product} {ergonomic}
   size_t MinHeapSize                              = 8388608                                   {product} {ergonomic}
    uintx NonNMethodCodeHeapSize                   = 5832780                                {pd product} {ergonomic}
    uintx NonProfiledCodeHeapSize                  = 122912730                              {pd product} {ergonomic}
    uintx ProfiledCodeHeapSize                     = 122912730                              {pd product} {ergonomic}
    uintx ReservedCodeCacheSize                    = 251658240                              {pd product} {ergonomic}
     bool SegmentedCodeCache                       = true                                      {product} {ergonomic}
     bool ShowCodeDetailsInExceptionMessages       = true                                   {manageable} {command line}
   size_t SoftMaxHeapSize                          = 1052770304                             {manageable} {ergonomic}
     bool UseCompressedClassPointers               = true                           {product lp64_product} {ergonomic}
     bool UseCompressedOops                        = true                           {product lp64_product} {ergonomic}
     bool UseG1GC                                  = true                                      {product} {ergonomic}
     bool UseLargePagesIndividualAllocation        = false                                  {pd product} {ergonomic}

Logging:
Log output configuration:
 #0: stdout all=warning uptime,level,tags
 #1: stderr all=off uptime,level,tags

Environment Variables:
JAVA_HOME=C:\Program Files\Java\jdk-11.0.13
PATH=C:/Users/Ivana/Downloads/eclipse//plugins/org.eclipse.justj.openjdk.hotspot.jre.full.win32.x86_64_16.0.1.v20210528-1205/jre/bin/server;C:/Users/Ivana/Downloads/eclipse//plugins/org.eclipse.justj.openjdk.hotspot.jre.full.win32.x86_64_16.0.1.v20210528-1205/jre/bin;C:\Program Files\AdoptOpenJDK\jre-11.0.11.9-hotspot\bin;C:\Program Files\AdoptOpenJDK\jre-8.0.292.10-hotspot\bin;C:\Program Files (x86)\AdoptOpenJDK\jre-8.0.292.10-hotspot\bin;C:\Windows\system32;C:\Windows;C:\Windows\System32\Wbem;C:\Windows\System32\WindowsPowerShell\v1.0\;C:\Windows\System32\OpenSSH\;C:\Program Files\nodejs\;C:\Program Files\MongoDB\Tools\100\bin;C:\Program Files (x86)\Common Files\Oracle\Java\javapath;C:\Users\Ivana\AppData\Roaming\npm;C:\Users\Ivana\AppData\Local\Microsoft\WindowsApps;C:\Users\Ivana\AppData\Local\Programs\Microsoft VS Code\bin;C:\Users\Ivana\AppData\Roaming\npm;C:\Program Files\Java\jdk-11.0.13\bin;;C:\Users\Ivana\Downloads\eclipse;
USERNAME=Ivana
OS=Windows_NT
PROCESSOR_IDENTIFIER=Intel64 Family 6 Model 61 Stepping 4, GenuineIntel



---------------  S Y S T E M  ---------------

OS:
 Windows 10 , 64 bit Build 17763 (10.0.17763.1131)
OS uptime: 1 days 11:42 hours

CPU: total 4 (initial active 4) (2 cores per cpu, 2 threads per core) family 6 model 61 stepping 4 microcode 0x2b, cx8, cmov, fxsr, ht, mmx, 3dnowpref, sse, sse2, sse3, ssse3, sse4.1, sse4.2, popcnt, lzcnt, tsc, tscinvbit, avx, avx2, aes, erms, clmul, bmi1, bmi2, adx, fma, vzeroupper, clflush

Memory: 4k page, system-wide physical 4015M (168M free)
TotalPageFile size 10705M (AvailPageFile size 1M)
current process WorkingSet (physical memory assigned to process): 210M, peak: 222M
current process commit charge ("private bytes"): 282M, peak: 286M

vm_info: OpenJDK 64-Bit Server VM (16.0.1+9-24) for windows-amd64 JRE (16.0.1+9-24), built on Mar 26 2021 19:30:07 by "mach5one" with MS VC++ 16.7 (VS2019)

END.
